<?xml version="1.0" encoding="UTF-8"?>
<testsuite name="de.hsbremen.hackgrid.security.PasswordEncrypterTest" tests="2" skipped="0" failures="0" errors="0" timestamp="2016-02-15T22:19:50" hostname="330" time="0.021">
  <properties/>
  <testcase name="testEncryptPassword" classname="de.hsbremen.hackgrid.security.PasswordEncrypterTest" time="0.02"/>
  <testcase name="testCheckPassword" classname="de.hsbremen.hackgrid.security.PasswordEncrypterTest" time="0.001"/>
  <system-out><![CDATA[3Uzk/0SgWaKOjtd/STA3l7QVsM+Qe2rVkBA8sG9uyfHqTSmbvDkVEmPBlVf7SjRm
]]></system-out>
  <system-err><![CDATA[]]></system-err>
</testsuite>
