<?xml version="1.0" encoding="UTF-8"?>
<testsuite name="de.hsbremen.hackgrid.utils.SimpleTimestampTest" tests="1" skipped="0" failures="0" errors="0" timestamp="2016-02-15T22:19:50" hostname="330" time="0.004">
  <properties/>
  <testcase name="testSetCurrentTime" classname="de.hsbremen.hackgrid.utils.SimpleTimestampTest" time="0.004"/>
  <system-out><![CDATA[Sun Jul 08 18:47:49 CEST 2018
]]></system-out>
  <system-err><![CDATA[]]></system-err>
</testsuite>
