<?xml version="1.0" encoding="UTF-8"?>
<testsuite name="org.openmuc.openiec61850.SclParserTest" tests="1" skipped="0" failures="0" errors="0" timestamp="2016-02-15T22:19:50" hostname="330" time="0.0">
  <properties/>
  <testcase name="testParser" classname="org.openmuc.openiec61850.SclParserTest" time="0.0"/>
  <system-out><![CDATA[]]></system-out>
  <system-err><![CDATA[]]></system-err>
</testsuite>
